Started GET "/food_by_lags" for 127.0.0.1 at 2017-07-23 21:43:55 -0700
  [1m[36mActiveRecord::SchemaMigration Load (2.7ms)[0m  [1m[34mSELECT "schema_migrations".* FROM "schema_migrations"[0m

ActionController::RoutingError - uninitialized constant FoodByLagsController:
  actionpack (5.0.4) lib/action_dispatch/routing/route_set.rb:46:in `rescue in controller'
  actionpack (5.0.4) lib/action_dispatch/routing/route_set.rb:44:in `controller'
  actionpack (5.0.4) lib/action_dispatch/routing/route_set.rb:30:in `serve'
  actionpack (5.0.4) lib/action_dispatch/journey/router.rb:39:in `block in serve'
  actionpack (5.0.4) lib/action_dispatch/journey/router.rb:26:in `serve'
  actionpack (5.0.4) lib/action_dispatch/routing/route_set.rb:725:in `call'
  rack (2.0.3) lib/rack/etag.rb:25:in `call'
  rack (2.0.3) lib/rack/conditional_get.rb:25:in `call'
  rack (2.0.3) lib/rack/head.rb:12:in `call'
  rack (2.0.3) lib/rack/session/abstract/id.rb:232:in `context'
  rack (2.0.3) lib/rack/session/abstract/id.rb:226:in `call'
  actionpack (5.0.4) lib/action_dispatch/middleware/cookies.rb:613:in `call'
  activerecord (5.0.4) lib/active_record/migration.rb:553:in `call'
  actionpack (5.0.4) lib/action_dispatch/middleware/callbacks.rb:38:in `block in call'
  activesupport (5.0.4) lib/active_support/callbacks.rb:97:in `__run_callbacks__'
  activesupport (5.0.4) lib/active_support/callbacks.rb:750:in `_run_call_callbacks'
  activesupport (5.0.4) lib/active_support/callbacks.rb:90:in `run_callbacks'
  actionpack (5.0.4) lib/action_dispatch/middleware/callbacks.rb:36:in `call'
  actionpack (5.0.4) lib/action_dispatch/middleware/executor.rb:12:in `call'
  actionpack (5.0.4) lib/action_dispatch/middleware/remote_ip.rb:79:in `call'
  better_errors (2.1.1) lib/better_errors/middleware.rb:84:in `protected_app_call'
  better_errors (2.1.1) lib/better_errors/middleware.rb:79:in `better_errors_call'
  better_errors (2.1.1) lib/better_errors/middleware.rb:57:in `call'
  actionpack (5.0.4) lib/action_dispatch/middleware/debug_exceptions.rb:49:in `call'
  web-console (3.5.1) lib/web_console/middleware.rb:135:in `call_app'
  web-console (3.5.1) lib/web_console/middleware.rb:28:in `block in call'
  web-console (3.5.1) lib/web_console/middleware.rb:18:in `call'
  actionpack (5.0.4) lib/action_dispatch/middleware/show_exceptions.rb:31:in `call'
  railties (5.0.4) lib/rails/rack/logger.rb:36:in `call_app'
  railties (5.0.4) lib/rails/rack/logger.rb:24:in `block in call'
  activesupport (5.0.4) lib/active_support/tagged_logging.rb:69:in `block in tagged'
  activesupport (5.0.4) lib/active_support/tagged_logging.rb:26:in `tagged'
  activesupport (5.0.4) lib/active_support/tagged_logging.rb:69:in `tagged'
  railties (5.0.4) lib/rails/rack/logger.rb:24:in `call'
  sprockets-rails (3.2.0) lib/sprockets/rails/quiet_assets.rb:13:in `call'
  actionpack (5.0.4) lib/action_dispatch/middleware/request_id.rb:24:in `call'
  rack (2.0.3) lib/rack/method_override.rb:22:in `call'
  rack (2.0.3) lib/rack/runtime.rb:22:in `call'
  activesupport (5.0.4) lib/active_support/cache/strategy/local_cache_middleware.rb:28:in `call'
  actionpack (5.0.4) lib/action_dispatch/middleware/executor.rb:12:in `call'
  actionpack (5.0.4) lib/action_dispatch/middleware/static.rb:136:in `call'
  rack (2.0.3) lib/rack/sendfile.rb:111:in `call'
  railties (5.0.4) lib/rails/engine.rb:522:in `call'
  puma (3.9.1) lib/puma/configuration.rb:224:in `call'
  puma (3.9.1) lib/puma/server.rb:602:in `handle_request'
  puma (3.9.1) lib/puma/server.rb:435:in `process_client'
  puma (3.9.1) lib/puma/server.rb:299:in `block in run'
  puma (3.9.1) lib/puma/thread_pool.rb:120:in `block in spawn_thread'

Started POST "/__better_errors/6f4d65d158619bea/variables" for 127.0.0.1 at 2017-07-23 21:43:56 -0700
